This is pdfTeX, Version 3.14159265-2.6-1.40.21 (TeX Live 2020/Debian) (preloaded format=pdflatex 2022.4.28)  22 AUG 2022 23:02
entering extended mode
 restricted \write18 enabled.
 %&-line parsing enabled.
**document.tex
(./document.tex
LaTeX2e <2020-10-01> patch level 4
L3 programming layer <2021-01-09> xparse <2020-03-03>
(/usr/share/texlive/texmf-dist/tex/latex/base/report.cls
Document Class: report 2020/04/10 v1.4m Standard LaTeX document class
(/usr/share/texlive/texmf-dist/tex/latex/base/leqno.clo
File: leqno.clo 2016/12/29 v1.2b Standard LaTeX option (left equation numbers)
)
(/usr/share/texlive/texmf-dist/tex/latex/base/size11.clo
File: size11.clo 2020/04/10 v1.4m Standard LaTeX file (size option)
)
\c@part=\count177
\c@chapter=\count178
\c@section=\count179
\c@subsection=\count180
\c@subsubsection=\count181
\c@paragraph=\count182
\c@subparagraph=\count183
\c@figure=\count184
\c@table=\count185
\abovecaptionskip=\skip47
\belowcaptionskip=\skip48
\bibindent=\dimen138
)
(/usr/share/texlive/texmf-dist/tex/latex/tikz-cd/tikz-cd.sty
Package: tikz-cd 2018/11/19 v0.9f Commutative diagrams with TikZ

(/usr/share/texlive/texmf-dist/tex/latex/pgf/frontendlayer/tikz.sty
(/usr/share/texlive/texmf-dist/tex/latex/pgf/basiclayer/pgf.sty
(/usr/share/texlive/texmf-dist/tex/latex/pgf/utilities/pgfrcs.sty
(/usr/share/texlive/texmf-dist/tex/generic/pgf/utilities/pgfutil-common.tex
\pgfutil@everybye=\toks15
\pgfutil@tempdima=\dimen139
\pgfutil@tempdimb=\dimen140

(/usr/share/texlive/texmf-dist/tex/generic/pgf/utilities/pgfutil-common-lists.t
ex)) (/usr/share/texlive/texmf-dist/tex/generic/pgf/utilities/pgfutil-latex.def
\pgfutil@abb=\box47
) (/usr/share/texlive/texmf-dist/tex/generic/pgf/utilities/pgfrcs.code.tex
(/usr/share/texlive/texmf-dist/tex/generic/pgf/pgf.revision.tex)
Package: pgfrcs 2020/12/27 v3.1.8b (3.1.8b)
))
Package: pgf 2020/12/27 v3.1.8b (3.1.8b)

(/usr/share/texlive/texmf-dist/tex/latex/pgf/basiclayer/pgfcore.sty
(/usr/share/texlive/texmf-dist/tex/latex/graphics/graphicx.sty
Package: graphicx 2020/09/09 v1.2b Enhanced LaTeX Graphics (DPC,SPQR)

(/usr/share/texlive/texmf-dist/tex/latex/graphics/keyval.sty
Package: keyval 2014/10/28 v1.15 key=value parser (DPC)
\KV@toks@=\toks16
)
(/usr/share/texlive/texmf-dist/tex/latex/graphics/graphics.sty
Package: graphics 2020/08/30 v1.4c Standard LaTeX Graphics (DPC,SPQR)

(/usr/share/texlive/texmf-dist/tex/latex/graphics/trig.sty
Package: trig 2016/01/03 v1.10 sin cos tan (DPC)
)
(/usr/share/texlive/texmf-dist/tex/latex/graphics-cfg/graphics.cfg
File: graphics.cfg 2016/06/04 v1.11 sample graphics configuration
)
Package graphics Info: Driver file: pdftex.def on input line 105.

(/usr/share/texlive/texmf-dist/tex/latex/graphics-def/pdftex.def
File: pdftex.def 2020/10/05 v1.2a Graphics/color driver for pdftex
))
\Gin@req@height=\dimen141
\Gin@req@width=\dimen142
)
(/usr/share/texlive/texmf-dist/tex/latex/pgf/systemlayer/pgfsys.sty
(/usr/share/texlive/texmf-dist/tex/generic/pgf/systemlayer/pgfsys.code.tex
Package: pgfsys 2020/12/27 v3.1.8b (3.1.8b)

(/usr/share/texlive/texmf-dist/tex/generic/pgf/utilities/pgfkeys.code.tex
\pgfkeys@pathtoks=\toks17
\pgfkeys@temptoks=\toks18

(/usr/share/texlive/texmf-dist/tex/generic/pgf/utilities/pgfkeysfiltered.code.t
ex
\pgfkeys@tmptoks=\toks19
))
\pgf@x=\dimen143
\pgf@y=\dimen144
\pgf@xa=\dimen145
\pgf@ya=\dimen146
\pgf@xb=\dimen147
\pgf@yb=\dimen148
\pgf@xc=\dimen149
\pgf@yc=\dimen150
\pgf@xd=\dimen151
\pgf@yd=\dimen152
\w@pgf@writea=\write3
\r@pgf@reada=\read2
\c@pgf@counta=\count186
\c@pgf@countb=\count187
\c@pgf@countc=\count188
\c@pgf@countd=\count189
\t@pgf@toka=\toks20
\t@pgf@tokb=\toks21
\t@pgf@tokc=\toks22
\pgf@sys@id@count=\count190
 (/usr/share/texlive/texmf-dist/tex/generic/pgf/systemlayer/pgf.cfg
File: pgf.cfg 2020/12/27 v3.1.8b (3.1.8b)
)
Driver file for pgf: pgfsys-pdftex.def

(/usr/share/texlive/texmf-dist/tex/generic/pgf/systemlayer/pgfsys-pdftex.def
File: pgfsys-pdftex.def 2020/12/27 v3.1.8b (3.1.8b)

(/usr/share/texlive/texmf-dist/tex/generic/pgf/systemlayer/pgfsys-common-pdf.de
f
File: pgfsys-common-pdf.def 2020/12/27 v3.1.8b (3.1.8b)
)))
(/usr/share/texlive/texmf-dist/tex/generic/pgf/systemlayer/pgfsyssoftpath.code.
tex
File: pgfsyssoftpath.code.tex 2020/12/27 v3.1.8b (3.1.8b)
\pgfsyssoftpath@smallbuffer@items=\count191
\pgfsyssoftpath@bigbuffer@items=\count192
)
(/usr/share/texlive/texmf-dist/tex/generic/pgf/systemlayer/pgfsysprotocol.code.
tex
File: pgfsysprotocol.code.tex 2020/12/27 v3.1.8b (3.1.8b)
)) (/usr/share/texlive/texmf-dist/tex/latex/xcolor/xcolor.sty
Package: xcolor 2016/05/11 v2.12 LaTeX color extensions (UK)

(/usr/share/texlive/texmf-dist/tex/latex/graphics-cfg/color.cfg
File: color.cfg 2016/01/02 v1.6 sample color configuration
)
Package xcolor Info: Driver file: pdftex.def on input line 225.
Package xcolor Info: Model `cmy' substituted by `cmy0' on input line 1348.
Package xcolor Info: Model `hsb' substituted by `rgb' on input line 1352.
Package xcolor Info: Model `RGB' extended on input line 1364.
Package xcolor Info: Model `HTML' substituted by `rgb' on input line 1366.
Package xcolor Info: Model `Hsb' substituted by `hsb' on input line 1367.
Package xcolor Info: Model `tHsb' substituted by `hsb' on input line 1368.
Package xcolor Info: Model `HSB' substituted by `hsb' on input line 1369.
Package xcolor Info: Model `Gray' substituted by `gray' on input line 1370.
Package xcolor Info: Model `wave' substituted by `hsb' on input line 1371.
)
(/usr/share/texlive/texmf-dist/tex/generic/pgf/basiclayer/pgfcore.code.tex
Package: pgfcore 2020/12/27 v3.1.8b (3.1.8b)

(/usr/share/texlive/texmf-dist/tex/generic/pgf/math/pgfmath.code.tex
(/usr/share/texlive/texmf-dist/tex/generic/pgf/math/pgfmathcalc.code.tex
(/usr/share/texlive/texmf-dist/tex/generic/pgf/math/pgfmathutil.code.tex)
(/usr/share/texlive/texmf-dist/tex/generic/pgf/math/pgfmathparser.code.tex
\pgfmath@dimen=\dimen153
\pgfmath@count=\count193
\pgfmath@box=\box48
\pgfmath@toks=\toks23
\pgfmath@stack@operand=\toks24
\pgfmath@stack@operation=\toks25
)
(/usr/share/texlive/texmf-dist/tex/generic/pgf/math/pgfmathfunctions.code.tex
(/usr/share/texlive/texmf-dist/tex/generic/pgf/math/pgfmathfunctions.basic.code
.tex)
(/usr/share/texlive/texmf-dist/tex/generic/pgf/math/pgfmathfunctions.trigonomet
ric.code.tex)
(/usr/share/texlive/texmf-dist/tex/generic/pgf/math/pgfmathfunctions.random.cod
e.tex)
(/usr/share/texlive/texmf-dist/tex/generic/pgf/math/pgfmathfunctions.comparison
.code.tex)
(/usr/share/texlive/texmf-dist/tex/generic/pgf/math/pgfmathfunctions.base.code.
tex)
(/usr/share/texlive/texmf-dist/tex/generic/pgf/math/pgfmathfunctions.round.code
.tex)
(/usr/share/texlive/texmf-dist/tex/generic/pgf/math/pgfmathfunctions.misc.code.
tex)
(/usr/share/texlive/texmf-dist/tex/generic/pgf/math/pgfmathfunctions.integerari
thmetics.code.tex)))
(/usr/share/texlive/texmf-dist/tex/generic/pgf/math/pgfmathfloat.code.tex
\c@pgfmathroundto@lastzeros=\count194
))
(/usr/share/texlive/texmf-dist/tex/generic/pgf/math/pgfint.code.tex)
(/usr/share/texlive/texmf-dist/tex/generic/pgf/basiclayer/pgfcorepoints.code.te
x
File: pgfcorepoints.code.tex 2020/12/27 v3.1.8b (3.1.8b)
\pgf@picminx=\dimen154
\pgf@picmaxx=\dimen155
\pgf@picminy=\dimen156
\pgf@picmaxy=\dimen157
\pgf@pathminx=\dimen158
\pgf@pathmaxx=\dimen159
\pgf@pathminy=\dimen160
\pgf@pathmaxy=\dimen161
\pgf@xx=\dimen162
\pgf@xy=\dimen163
\pgf@yx=\dimen164
\pgf@yy=\dimen165
\pgf@zx=\dimen166
\pgf@zy=\dimen167
)
(/usr/share/texlive/texmf-dist/tex/generic/pgf/basiclayer/pgfcorepathconstruct.
code.tex
File: pgfcorepathconstruct.code.tex 2020/12/27 v3.1.8b (3.1.8b)
\pgf@path@lastx=\dimen168
\pgf@path@lasty=\dimen169
)
(/usr/share/texlive/texmf-dist/tex/generic/pgf/basiclayer/pgfcorepathusage.code
.tex
File: pgfcorepathusage.code.tex 2020/12/27 v3.1.8b (3.1.8b)
\pgf@shorten@end@additional=\dimen170
\pgf@shorten@start@additional=\dimen171
)
(/usr/share/texlive/texmf-dist/tex/generic/pgf/basiclayer/pgfcorescopes.code.te
x
File: pgfcorescopes.code.tex 2020/12/27 v3.1.8b (3.1.8b)
\pgfpic=\box49
\pgf@hbox=\box50
\pgf@layerbox@main=\box51
\pgf@picture@serial@count=\count195
)
(/usr/share/texlive/texmf-dist/tex/generic/pgf/basiclayer/pgfcoregraphicstate.c
ode.tex
File: pgfcoregraphicstate.code.tex 2020/12/27 v3.1.8b (3.1.8b)
\pgflinewidth=\dimen172
)
(/usr/share/texlive/texmf-dist/tex/generic/pgf/basiclayer/pgfcoretransformation
s.code.tex
File: pgfcoretransformations.code.tex 2020/12/27 v3.1.8b (3.1.8b)
\pgf@pt@x=\dimen173
\pgf@pt@y=\dimen174
\pgf@pt@temp=\dimen175
)
(/usr/share/texlive/texmf-dist/tex/generic/pgf/basiclayer/pgfcorequick.code.tex
File: pgfcorequick.code.tex 2020/12/27 v3.1.8b (3.1.8b)
)
(/usr/share/texlive/texmf-dist/tex/generic/pgf/basiclayer/pgfcoreobjects.code.t
ex
File: pgfcoreobjects.code.tex 2020/12/27 v3.1.8b (3.1.8b)
)
(/usr/share/texlive/texmf-dist/tex/generic/pgf/basiclayer/pgfcorepathprocessing
.code.tex
File: pgfcorepathprocessing.code.tex 2020/12/27 v3.1.8b (3.1.8b)
)
(/usr/share/texlive/texmf-dist/tex/generic/pgf/basiclayer/pgfcorearrows.code.te
x
File: pgfcorearrows.code.tex 2020/12/27 v3.1.8b (3.1.8b)
\pgfarrowsep=\dimen176
)
(/usr/share/texlive/texmf-dist/tex/generic/pgf/basiclayer/pgfcoreshade.code.tex
File: pgfcoreshade.code.tex 2020/12/27 v3.1.8b (3.1.8b)
\pgf@max=\dimen177
\pgf@sys@shading@range@num=\count196
\pgf@shadingcount=\count197
)
(/usr/share/texlive/texmf-dist/tex/generic/pgf/basiclayer/pgfcoreimage.code.tex
File: pgfcoreimage.code.tex 2020/12/27 v3.1.8b (3.1.8b)

(/usr/share/texlive/texmf-dist/tex/generic/pgf/basiclayer/pgfcoreexternal.code.
tex
File: pgfcoreexternal.code.tex 2020/12/27 v3.1.8b (3.1.8b)
\pgfexternal@startupbox=\box52
))
(/usr/share/texlive/texmf-dist/tex/generic/pgf/basiclayer/pgfcorelayers.code.te
x
File: pgfcorelayers.code.tex 2020/12/27 v3.1.8b (3.1.8b)
)
(/usr/share/texlive/texmf-dist/tex/generic/pgf/basiclayer/pgfcoretransparency.c
ode.tex
File: pgfcoretransparency.code.tex 2020/12/27 v3.1.8b (3.1.8b)
)
(/usr/share/texlive/texmf-dist/tex/generic/pgf/basiclayer/pgfcorepatterns.code.
tex
File: pgfcorepatterns.code.tex 2020/12/27 v3.1.8b (3.1.8b)
)
(/usr/share/texlive/texmf-dist/tex/generic/pgf/basiclayer/pgfcorerdf.code.tex
File: pgfcorerdf.code.tex 2020/12/27 v3.1.8b (3.1.8b)
)))
(/usr/share/texlive/texmf-dist/tex/generic/pgf/modules/pgfmoduleshapes.code.tex
File: pgfmoduleshapes.code.tex 2020/12/27 v3.1.8b (3.1.8b)
\pgfnodeparttextbox=\box53
) (/usr/share/texlive/texmf-dist/tex/generic/pgf/modules/pgfmoduleplot.code.tex
File: pgfmoduleplot.code.tex 2020/12/27 v3.1.8b (3.1.8b)
)
(/usr/share/texlive/texmf-dist/tex/latex/pgf/compatibility/pgfcomp-version-0-65
.sty
Package: pgfcomp-version-0-65 2020/12/27 v3.1.8b (3.1.8b)
\pgf@nodesepstart=\dimen178
\pgf@nodesepend=\dimen179
)
(/usr/share/texlive/texmf-dist/tex/latex/pgf/compatibility/pgfcomp-version-1-18
.sty
Package: pgfcomp-version-1-18 2020/12/27 v3.1.8b (3.1.8b)
)) (/usr/share/texlive/texmf-dist/tex/latex/pgf/utilities/pgffor.sty
(/usr/share/texlive/texmf-dist/tex/latex/pgf/utilities/pgfkeys.sty
(/usr/share/texlive/texmf-dist/tex/generic/pgf/utilities/pgfkeys.code.tex))
(/usr/share/texlive/texmf-dist/tex/latex/pgf/math/pgfmath.sty
(/usr/share/texlive/texmf-dist/tex/generic/pgf/math/pgfmath.code.tex))
(/usr/share/texlive/texmf-dist/tex/generic/pgf/utilities/pgffor.code.tex
Package: pgffor 2020/12/27 v3.1.8b (3.1.8b)

(/usr/share/texlive/texmf-dist/tex/generic/pgf/math/pgfmath.code.tex)
\pgffor@iter=\dimen180
\pgffor@skip=\dimen181
\pgffor@stack=\toks26
\pgffor@toks=\toks27
))
(/usr/share/texlive/texmf-dist/tex/generic/pgf/frontendlayer/tikz/tikz.code.tex
Package: tikz 2020/12/27 v3.1.8b (3.1.8b)

(/usr/share/texlive/texmf-dist/tex/generic/pgf/libraries/pgflibraryplothandlers
.code.tex
File: pgflibraryplothandlers.code.tex 2020/12/27 v3.1.8b (3.1.8b)
\pgf@plot@mark@count=\count198
\pgfplotmarksize=\dimen182
)
\tikz@lastx=\dimen183
\tikz@lasty=\dimen184
\tikz@lastxsaved=\dimen185
\tikz@lastysaved=\dimen186
\tikz@lastmovetox=\dimen187
\tikz@lastmovetoy=\dimen188
\tikzleveldistance=\dimen189
\tikzsiblingdistance=\dimen190
\tikz@figbox=\box54
\tikz@figbox@bg=\box55
\tikz@tempbox=\box56
\tikz@tempbox@bg=\box57
\tikztreelevel=\count199
\tikznumberofchildren=\count266
\tikznumberofcurrentchild=\count267
\tikz@fig@count=\count268

(/usr/share/texlive/texmf-dist/tex/generic/pgf/modules/pgfmodulematrix.code.tex
File: pgfmodulematrix.code.tex 2020/12/27 v3.1.8b (3.1.8b)
\pgfmatrixcurrentrow=\count269
\pgfmatrixcurrentcolumn=\count270
\pgf@matrix@numberofcolumns=\count271
)
\tikz@expandcount=\count272

(/usr/share/texlive/texmf-dist/tex/generic/pgf/frontendlayer/tikz/libraries/tik
zlibrarytopaths.code.tex
File: tikzlibrarytopaths.code.tex 2020/12/27 v3.1.8b (3.1.8b)
)))
(/usr/share/texlive/texmf-dist/tex/generic/tikz-cd/tikzlibrarycd.code.tex
(/usr/share/texlive/texmf-dist/tex/generic/pgf/frontendlayer/tikz/libraries/tik
zlibrarymatrix.code.tex
File: tikzlibrarymatrix.code.tex 2020/12/27 v3.1.8b (3.1.8b)
)
(/usr/share/texlive/texmf-dist/tex/generic/pgf/frontendlayer/tikz/libraries/tik
zlibraryquotes.code.tex
File: tikzlibraryquotes.code.tex 2020/12/27 v3.1.8b (3.1.8b)
)
(/usr/share/texlive/texmf-dist/tex/generic/pgf/libraries/pgflibraryarrows.meta.
code.tex
File: pgflibraryarrows.meta.code.tex 2020/12/27 v3.1.8b (3.1.8b)
\pgfarrowinset=\dimen191
\pgfarrowlength=\dimen192
\pgfarrowwidth=\dimen193
\pgfarrowlinewidth=\dimen194
))) (/usr/share/texlive/texmf-dist/tex/latex/amsmath/amsmath.sty
Package: amsmath 2020/09/23 v2.17i AMS math features
\@mathmargin=\skip49

For additional information on amsmath, use the `?' option.
(/usr/share/texlive/texmf-dist/tex/latex/amsmath/amstext.sty
Package: amstext 2000/06/29 v2.01 AMS text

(/usr/share/texlive/texmf-dist/tex/latex/amsmath/amsgen.sty
File: amsgen.sty 1999/11/30 v2.0 generic functions
\@emptytoks=\toks28
\ex@=\dimen195
))
(/usr/share/texlive/texmf-dist/tex/latex/amsmath/amsbsy.sty
Package: amsbsy 1999/11/29 v1.2d Bold Symbols
\pmbraise@=\dimen196
)
(/usr/share/texlive/texmf-dist/tex/latex/amsmath/amsopn.sty
Package: amsopn 2016/03/08 v2.02 operator names
)
\inf@bad=\count273
LaTeX Info: Redefining \frac on input line 234.
\uproot@=\count274
\leftroot@=\count275
LaTeX Info: Redefining \overline on input line 399.
\classnum@=\count276
\DOTSCASE@=\count277
LaTeX Info: Redefining \ldots on input line 496.
LaTeX Info: Redefining \dots on input line 499.
LaTeX Info: Redefining \cdots on input line 620.
\Mathstrutbox@=\box58
\strutbox@=\box59
\big@size=\dimen197
LaTeX Font Info:    Redeclaring font encoding OML on input line 743.
LaTeX Font Info:    Redeclaring font encoding OMS on input line 744.
\macc@depth=\count278
\c@MaxMatrixCols=\count279
\dotsspace@=\muskip16
\c@parentequation=\count280
\dspbrk@lvl=\count281
\tag@help=\toks29
\row@=\count282
\column@=\count283
\maxfields@=\count284
\andhelp@=\toks30
\eqnshift@=\dimen198
\alignsep@=\dimen199
\tagshift@=\dimen256
\tagwidth@=\dimen257
\totwidth@=\dimen258
\lineht@=\dimen259
\@envbody=\toks31
\multlinegap=\skip50
\multlinetaggap=\skip51
\mathdisplay@stack=\toks32
LaTeX Info: Redefining \[ on input line 2923.
LaTeX Info: Redefining \] on input line 2924.
)
(/usr/share/texlive/texmf-dist/tex/latex/amscls/amsthm.sty
Package: amsthm 2020/05/29 v2.20.6
\thm@style=\toks33
\thm@bodyfont=\toks34
\thm@headfont=\toks35
\thm@notefont=\toks36
\thm@headpunct=\toks37
\thm@preskip=\skip52
\thm@postskip=\skip53
\thm@headsep=\skip54
\dth@everypar=\toks38
)
(/usr/share/texlive/texmf-dist/tex/latex/amsfonts/amssymb.sty
Package: amssymb 2013/01/14 v3.01 AMS font symbols

(/usr/share/texlive/texmf-dist/tex/latex/amsfonts/amsfonts.sty
Package: amsfonts 2013/01/14 v3.01 Basic AMSFonts support
\symAMSa=\mathgroup4
\symAMSb=\mathgroup5
LaTeX Font Info:    Redeclaring math symbol \hbar on input line 98.
LaTeX Font Info:    Overwriting math alphabet `\mathfrak' in version `bold'
(Font)                  U/euf/m/n --> U/euf/b/n on input line 106.
))
(/usr/share/texlive/texmf-dist/tex/latex/float/float.sty
Package: float 2001/11/08 v1.3d Float enhancements (AL)
\c@float@type=\count285
\float@exts=\toks39
\float@box=\box60
\@float@everytoks=\toks40
\@floatcapt=\box61
)
(/usr/share/texlive/texmf-dist/tex/latex/hyperref/hyperref.sty
Package: hyperref 2020-05-15 v7.00e Hypertext links for LaTeX

(/usr/share/texlive/texmf-dist/tex/generic/ltxcmds/ltxcmds.sty
Package: ltxcmds 2020-05-10 v1.25 LaTeX kernel commands for general use (HO)
)
(/usr/share/texlive/texmf-dist/tex/generic/iftex/iftex.sty
Package: iftex 2020/03/06 v1.0d TeX engine tests
)
(/usr/share/texlive/texmf-dist/tex/generic/pdftexcmds/pdftexcmds.sty
Package: pdftexcmds 2020-06-27 v0.33 Utility functions of pdfTeX for LuaTeX (HO
)

(/usr/share/texlive/texmf-dist/tex/generic/infwarerr/infwarerr.sty
Package: infwarerr 2019/12/03 v1.5 Providing info/warning/error messages (HO)
)
Package pdftexcmds Info: \pdf@primitive is available.
Package pdftexcmds Info: \pdf@ifprimitive is available.
Package pdftexcmds Info: \pdfdraftmode found.
)
(/usr/share/texlive/texmf-dist/tex/generic/kvsetkeys/kvsetkeys.sty
Package: kvsetkeys 2019/12/15 v1.18 Key value parser (HO)
)
(/usr/share/texlive/texmf-dist/tex/generic/kvdefinekeys/kvdefinekeys.sty
Package: kvdefinekeys 2019-12-19 v1.6 Define keys (HO)
)
(/usr/share/texlive/texmf-dist/tex/generic/pdfescape/pdfescape.sty
Package: pdfescape 2019/12/09 v1.15 Implements pdfTeX's escape features (HO)
)
(/usr/share/texlive/texmf-dist/tex/latex/hycolor/hycolor.sty
Package: hycolor 2020-01-27 v1.10 Color options for hyperref/bookmark (HO)
)
(/usr/share/texlive/texmf-dist/tex/latex/letltxmacro/letltxmacro.sty
Package: letltxmacro 2019/12/03 v1.6 Let assignment for LaTeX macros (HO)
)
(/usr/share/texlive/texmf-dist/tex/latex/auxhook/auxhook.sty
Package: auxhook 2019-12-17 v1.6 Hooks for auxiliary files (HO)
)
(/usr/share/texlive/texmf-dist/tex/latex/kvoptions/kvoptions.sty
Package: kvoptions 2020-10-07 v3.14 Key value format for package options (HO)
)
\@linkdim=\dimen260
\Hy@linkcounter=\count286
\Hy@pagecounter=\count287

(/usr/share/texlive/texmf-dist/tex/latex/hyperref/pd1enc.def
File: pd1enc.def 2020-05-15 v7.00e Hyperref: PDFDocEncoding definition (HO)
Now handling font encoding PD1 ...
... no UTF-8 mapping file for font encoding PD1
)
(/usr/share/texlive/texmf-dist/tex/generic/intcalc/intcalc.sty
Package: intcalc 2019/12/15 v1.3 Expandable calculations with integers (HO)
)
(/usr/share/texlive/texmf-dist/tex/generic/etexcmds/etexcmds.sty
Package: etexcmds 2019/12/15 v1.7 Avoid name clashes with e-TeX commands (HO)
)
\Hy@SavedSpaceFactor=\count288
Package hyperref Info: Hyper figures OFF on input line 4464.
Package hyperref Info: Link nesting OFF on input line 4469.
Package hyperref Info: Hyper index ON on input line 4472.
Package hyperref Info: Plain pages OFF on input line 4479.
Package hyperref Info: Backreferencing OFF on input line 4484.
Package hyperref Info: Implicit mode ON; LaTeX internals redefined.
Package hyperref Info: Bookmarks ON on input line 4717.
\c@Hy@tempcnt=\count289

(/usr/share/texlive/texmf-dist/tex/latex/url/url.sty
\Urlmuskip=\muskip17
Package: url 2013/09/16  ver 3.4  Verb mode for urls, etc.
)
LaTeX Info: Redefining \url on input line 5076.
\XeTeXLinkMargin=\dimen261

(/usr/share/texlive/texmf-dist/tex/generic/bitset/bitset.sty
Package: bitset 2019/12/09 v1.3 Handle bit-vector datatype (HO)

(/usr/share/texlive/texmf-dist/tex/generic/bigintcalc/bigintcalc.sty
Package: bigintcalc 2019/12/15 v1.5 Expandable calculations on big integers (HO
)
))
\Fld@menulength=\count290
\Field@Width=\dimen262
\Fld@charsize=\dimen263
Package hyperref Info: Hyper figures OFF on input line 6347.
Package hyperref Info: Link nesting OFF on input line 6352.
Package hyperref Info: Hyper index ON on input line 6355.
Package hyperref Info: backreferencing OFF on input line 6362.
Package hyperref Info: Link coloring OFF on input line 6367.
Package hyperref Info: Link coloring with OCG OFF on input line 6372.
Package hyperref Info: PDF/A mode OFF on input line 6377.
LaTeX Info: Redefining \ref on input line 6417.
LaTeX Info: Redefining \pageref on input line 6421.

(/usr/share/texlive/texmf-dist/tex/latex/base/atbegshi-ltx.sty
Package: atbegshi-ltx 2020/08/17 v1.0a Emulation of the original atbegshi packa
ge
with kernel methods
)
\Hy@abspage=\count291
\c@Item=\count292
\c@Hfootnote=\count293
)
Package hyperref Info: Driver (autodetected): hpdftex.

(/usr/share/texlive/texmf-dist/tex/latex/hyperref/hpdftex.def
File: hpdftex.def 2020-05-15 v7.00e Hyperref driver for pdfTeX

(/usr/share/texlive/texmf-dist/tex/latex/base/atveryend-ltx.sty
Package: atveryend-ltx 2020/08/19 v1.0a Emulation of the original atvery packag
e
with kernel methods
)
\Fld@listcount=\count294
\c@bookmark@seq@number=\count295

(/usr/share/texlive/texmf-dist/tex/latex/rerunfilecheck/rerunfilecheck.sty
Package: rerunfilecheck 2019/12/05 v1.9 Rerun checks for auxiliary files (HO)

(/usr/share/texlive/texmf-dist/tex/generic/uniquecounter/uniquecounter.sty
Package: uniquecounter 2019/12/15 v1.4 Provide unlimited unique counter (HO)
)
Package uniquecounter Info: New unique counter `rerunfilecheck' on input line 2
86.
)
\Hy@SectionHShift=\skip55
)
(/usr/share/texmf/tex/latex/lm/lmodern.sty
Package: lmodern 2009/10/30 v1.6 Latin Modern Fonts
LaTeX Font Info:    Overwriting symbol font `operators' in version `normal'
(Font)                  OT1/cmr/m/n --> OT1/lmr/m/n on input line 22.
LaTeX Font Info:    Overwriting symbol font `letters' in version `normal'
(Font)                  OML/cmm/m/it --> OML/lmm/m/it on input line 23.
LaTeX Font Info:    Overwriting symbol font `symbols' in version `normal'
(Font)                  OMS/cmsy/m/n --> OMS/lmsy/m/n on input line 24.
LaTeX Font Info:    Overwriting symbol font `largesymbols' in version `normal'
(Font)                  OMX/cmex/m/n --> OMX/lmex/m/n on input line 25.
LaTeX Font Info:    Overwriting symbol font `operators' in version `bold'
(Font)                  OT1/cmr/bx/n --> OT1/lmr/bx/n on input line 26.
LaTeX Font Info:    Overwriting symbol font `letters' in version `bold'
(Font)                  OML/cmm/b/it --> OML/lmm/b/it on input line 27.
LaTeX Font Info:    Overwriting symbol font `symbols' in version `bold'
(Font)                  OMS/cmsy/b/n --> OMS/lmsy/b/n on input line 28.
LaTeX Font Info:    Overwriting symbol font `largesymbols' in version `bold'
(Font)                  OMX/cmex/m/n --> OMX/lmex/m/n on input line 29.
LaTeX Font Info:    Overwriting math alphabet `\mathbf' in version `normal'
(Font)                  OT1/cmr/bx/n --> OT1/lmr/bx/n on input line 31.
LaTeX Font Info:    Overwriting math alphabet `\mathsf' in version `normal'
(Font)                  OT1/cmss/m/n --> OT1/lmss/m/n on input line 32.
LaTeX Font Info:    Overwriting math alphabet `\mathit' in version `normal'
(Font)                  OT1/cmr/m/it --> OT1/lmr/m/it on input line 33.
LaTeX Font Info:    Overwriting math alphabet `\mathtt' in version `normal'
(Font)                  OT1/cmtt/m/n --> OT1/lmtt/m/n on input line 34.
LaTeX Font Info:    Overwriting math alphabet `\mathbf' in version `bold'
(Font)                  OT1/cmr/bx/n --> OT1/lmr/bx/n on input line 35.
LaTeX Font Info:    Overwriting math alphabet `\mathsf' in version `bold'
(Font)                  OT1/cmss/bx/n --> OT1/lmss/bx/n on input line 36.
LaTeX Font Info:    Overwriting math alphabet `\mathit' in version `bold'
(Font)                  OT1/cmr/bx/it --> OT1/lmr/bx/it on input line 37.
LaTeX Font Info:    Overwriting math alphabet `\mathtt' in version `bold'
(Font)                  OT1/cmtt/m/n --> OT1/lmtt/m/n on input line 38.
)
(/usr/share/texlive/texmf-dist/tex/latex/svg/svg.sty
Package: svg 2020/11/26 v2.02k (include SVG pictures)

(/usr/share/texlive/texmf-dist/tex/latex/koma-script/scrbase.sty
Package: scrbase 2020/09/21 v3.32 KOMA-Script package (KOMA-Script-independent 
basics and keyval usage)

(/usr/share/texlive/texmf-dist/tex/latex/koma-script/scrlfile.sty
Package: scrlfile 2020/09/21 v3.32 KOMA-Script package (file load hooks)

(/usr/share/texlive/texmf-dist/tex/latex/koma-script/scrlfile-hook.sty
Package: scrlfile-hook 2020/09/21 v3.32 KOMA-Script package (using LaTeX hooks)


LaTeX3 Info: Defining command \BeforeFile with sig. 'm' on line 61.


LaTeX3 Info: Defining command \AfterFile with sig. 'm' on line 65.


LaTeX3 Info: Defining command \BeforeClass with sig. 'm' on line 69.


LaTeX3 Info: Defining command \BeforePackage with sig. 'm' on line 73.


LaTeX3 Info: Defining command \AfterAtEndOfClass with sig. 'smo+m' on line 83.


LaTeX3 Info: Defining command \AfterAtEndOfPackage with sig. 'smo+m' on line
(LaTeX3)     93.


LaTeX3 Info: Defining command \scrlfile@AfterClass with sig. 'smo+m' on line
(LaTeX3)     173.


LaTeX3 Info: Defining command \AfterClass with sig. '' on line 174.


LaTeX3 Info: Defining command \scrlfile@AfterPackage with sig. 'smo+m' on line
(LaTeX3)     191.


LaTeX3 Info: Defining command \AfterPackage with sig. '' on line 192.


LaTeX3 Info: Defining command \ReplaceInput with sig. '' on line 193.


LaTeX3 Info: Defining command \ReplaceClass with sig. 'mm' on line 196.


LaTeX3 Info: Defining command \ReplacePackage with sig. 'mm' on line 199.


LaTeX3 Info: Defining command \UnReplaceInput with sig. '' on line 200.


LaTeX3 Info: Defining command \UnReplaceClass with sig. 'm' on line 203.


LaTeX3 Info: Defining command \UnReplacePackage with sig. 'mm' on line 206.


LaTeX3 Info: Defining command \PreventPackageFromLoading with sig. 's+om' on
(LaTeX3)     line 234.


LaTeX3 Info: Defining command \StorePreventPackageFromLoading with sig. 'm' on
(LaTeX3)     line 242.


LaTeX3 Info: Defining command \ResetPreventPackageFromLoading with sig. '' on
(LaTeX3)     line 247.


LaTeX3 Info: Defining command \UnPreventPackageFromLoading with sig. 'sm' on
(LaTeX3)     line 261.


LaTeX3 Info: Defining command \BeforeClosingMainAux with sig. 'om' on line
(LaTeX3)     274.


LaTeX3 Info: Defining command \AfterReadingMainAux with sig. 'om' on line 287.


LaTeX3 Info: Defining command \protected@immediate@write with sig. 'm+m+m' on
(LaTeX3)     line 298.


(/usr/share/texlive/texmf-dist/tex/latex/koma-script/scrlogo.sty
Package: scrlogo 2020/09/21 v3.32 KOMA-Script package (logo)
))))
(/usr/share/texlive/texmf-dist/tex/latex/trimspaces/trimspaces.sty
Package: trimspaces 2009/09/17 v1.1 Trim spaces around a token list
)
(/usr/share/texlive/texmf-dist/tex/latex/tools/shellesc.sty
Package: shellesc 2019/11/08 v1.0c unified shell escape interface for LaTeX
Package shellesc Info: Restricted shell escape enabled on input line 77.
)
\c@svg@param@lastpage=\count296
\svg@box=\box62
\c@svg@param@currpage=\count297
)
(/usr/share/texlive/texmf-dist/tex/latex/transparent/transparent.sty
Package: transparent 2019/11/29 v1.4 Transparency via pdfTeX's color stack (HO)

)
(/usr/share/texlive/texmf-dist/tex/latex/tools/delarray.sty
Package: delarray 2014/10/28 v1.01 array delimiter package (DPC)

(/usr/share/texlive/texmf-dist/tex/latex/tools/array.sty
Package: array 2020/10/01 v2.5c Tabular extension package (FMi)
\col@sep=\dimen264
\ar@mcellbox=\box63
\extrarowheight=\dimen265
\NC@list=\toks41
\extratabsurround=\skip56
\backup@length=\skip57
\ar@cellbox=\box64
))
\c@theorem=\count298
\c@proposition=\count299

(/usr/share/texlive/texmf-dist/tex/latex/listings/listings.sty
\lst@mode=\count300
\lst@gtempboxa=\box65
\lst@token=\toks42
\lst@length=\count301
\lst@currlwidth=\dimen266
\lst@column=\count302
\lst@pos=\count303
\lst@lostspace=\dimen267
\lst@width=\dimen268
\lst@newlines=\count304
\lst@lineno=\count305
\lst@maxwidth=\dimen269

(/usr/share/texlive/texmf-dist/tex/latex/listings/lstmisc.sty
File: lstmisc.sty 2020/03/24 1.8d (Carsten Heinz)
\c@lstnumber=\count306
\lst@skipnumbers=\count307
\lst@framebox=\box66
)
(/usr/share/texlive/texmf-dist/tex/latex/listings/listings.cfg
File: listings.cfg 2020/03/24 1.8d listings configuration
))
Package: listings 2020/03/24 1.8d (Carsten Heinz)
LaTeX Font Info:    Trying to load font information for OT1+lmr on input line 6
9.

(/usr/share/texmf/tex/latex/lm/ot1lmr.fd
File: ot1lmr.fd 2009/10/30 v1.6 Font defs for Latin Modern
)
(/usr/share/texlive/texmf-dist/tex/latex/l3backend/l3backend-pdftex.def
File: l3backend-pdftex.def 2020-01-29 L3 backend support: PDF output (pdfTeX)
\l__color_backend_stack_int=\count308
\l__pdf_internal_box=\box67
)
(./document.aux)
\openout1 = `document.aux'.

LaTeX Font Info:    Checking defaults for OML/cmm/m/it on input line 69.
LaTeX Font Info:    ... okay on input line 69.
LaTeX Font Info:    Checking defaults for OMS/cmsy/m/n on input line 69.
LaTeX Font Info:    ... okay on input line 69.
LaTeX Font Info:    Checking defaults for OT1/cmr/m/n on input line 69.
LaTeX Font Info:    ... okay on input line 69.
LaTeX Font Info:    Checking defaults for T1/cmr/m/n on input line 69.
LaTeX Font Info:    ... okay on input line 69.
LaTeX Font Info:    Checking defaults for TS1/cmr/m/n on input line 69.
LaTeX Font Info:    ... okay on input line 69.
LaTeX Font Info:    Checking defaults for OMX/cmex/m/n on input line 69.
LaTeX Font Info:    ... okay on input line 69.
LaTeX Font Info:    Checking defaults for U/cmr/m/n on input line 69.
LaTeX Font Info:    ... okay on input line 69.
LaTeX Font Info:    Checking defaults for PD1/pdf/m/n on input line 69.
LaTeX Font Info:    ... okay on input line 69.

(/usr/share/texlive/texmf-dist/tex/context/base/mkii/supp-pdf.mkii
[Loading MPS to PDF converter (version 2006.09.02).]
\scratchcounter=\count309
\scratchdimen=\dimen270
\scratchbox=\box68
\nofMPsegments=\count310
\nofMParguments=\count311
\everyMPshowfont=\toks43
\MPscratchCnt=\count312
\MPscratchDim=\dimen271
\MPnumerator=\count313
\makeMPintoPDFobject=\count314
\everyMPtoPDFconversion=\toks44
) (/usr/share/texlive/texmf-dist/tex/latex/epstopdf-pkg/epstopdf-base.sty
Package: epstopdf-base 2020-01-24 v2.11 Base part for package epstopdf
Package epstopdf-base Info: Redefining graphics rule for `.eps' on input line 4
85.

(/usr/share/texlive/texmf-dist/tex/latex/latexconfig/epstopdf-sys.cfg
File: epstopdf-sys.cfg 2010/07/13 v1.3 Configuration of (r)epstopdf for TeX Liv
e
))
Package hyperref Info: Link coloring OFF on input line 69.

(/usr/share/texlive/texmf-dist/tex/latex/hyperref/nameref.sty
Package: nameref 2019/09/16 v2.46 Cross-referencing by name of section

(/usr/share/texlive/texmf-dist/tex/latex/refcount/refcount.sty
Package: refcount 2019/12/15 v3.6 Data extraction from label references (HO)
)
(/usr/share/texlive/texmf-dist/tex/generic/gettitlestring/gettitlestring.sty
Package: gettitlestring 2019/12/15 v1.6 Cleanup title references (HO)
)
\c@section@level=\count315
)
LaTeX Info: Redefining \ref on input line 69.
LaTeX Info: Redefining \pageref on input line 69.
LaTeX Info: Redefining \nameref on input line 69.

(./document.out) (./document.out)
\@outlinefile=\write4
\openout4 = `document.out'.

\c@lstlisting=\count316
 [1

{/var/lib/texmf/fonts/map/pdftex/updmap/pdftex.map}] (./document.toc
LaTeX Font Info:    Trying to load font information for OML+lmm on input line 1
0.
 (/usr/share/texmf/tex/latex/lm/omllmm.fd
File: omllmm.fd 2009/10/30 v1.6 Font defs for Latin Modern
)
LaTeX Font Info:    Trying to load font information for OMS+lmsy on input line 
10.

(/usr/share/texmf/tex/latex/lm/omslmsy.fd
File: omslmsy.fd 2009/10/30 v1.6 Font defs for Latin Modern
)
LaTeX Font Info:    Trying to load font information for OMX+lmex on input line 
10.

(/usr/share/texmf/tex/latex/lm/omxlmex.fd
File: omxlmex.fd 2009/10/30 v1.6 Font defs for Latin Modern
)
LaTeX Font Info:    External font `lmex10' loaded for size
(Font)              <10.95> on input line 10.
LaTeX Font Info:    External font `lmex10' loaded for size
(Font)              <8> on input line 10.
LaTeX Font Info:    External font `lmex10' loaded for size
(Font)              <6> on input line 10.
LaTeX Font Info:    Trying to load font information for U+msa on input line 10.


(/usr/share/texlive/texmf-dist/tex/latex/amsfonts/umsa.fd
File: umsa.fd 2013/01/14 v3.01 AMS symbols A
)
LaTeX Font Info:    Trying to load font information for U+msb on input line 10.


(/usr/share/texlive/texmf-dist/tex/latex/amsfonts/umsb.fd
File: umsb.fd 2013/01/14 v3.01 AMS symbols B
))
\tf@toc=\write5
\openout5 = `document.toc'.

pdfTeX warning (ext4): destination with the same identifier (name{page.1}) has 
been already used, duplicate ignored
<to be read again> 
                   \relax 
l.111 \chapter
              *{Einf\"uhrung} [1

]
Overfull \hbox (9.22713pt too wide) in paragraph at lines 112--116
\OT1/lmr/m/n/10.95 Im drit-ten Kapi-tel wird dann ein ve-r-all-ge-mein-ertes Po
is-son-prob-lem vorgestellt,
 []

[2

]
Kapitel 1.
<Abbildungen/graph_1.pdf, id=77, 222.20775pt x 277.08548pt>
File: Abbildungen/graph_1.pdf Graphic file (type pdf)
<use Abbildungen/graph_1.pdf>
Package pdftex.def Info: Abbildungen/graph_1.pdf  used on input line 122.
(pdftex.def)             Requested size: 88.88152pt x 110.83221pt.

Overfull \hbox (5.06125pt too wide) in paragraph at lines 126--129
\OT1/lmr/m/n/10.95 Die Beziehung zwis-chen Ecken und Kan-ten kann durch eine Ma
-trix dargestellt
 []

[3

 <./Abbildungen/graph_1.pdf>]
<Abbildungen/graph_1_teil.pdf, id=93, 154.45462pt x 151.25822pt>
File: Abbildungen/graph_1_teil.pdf Graphic file (type pdf)
<use Abbildungen/graph_1_teil.pdf>
Package pdftex.def Info: Abbildungen/graph_1_teil.pdf  used on input line 167.
(pdftex.def)             Requested size: 61.78075pt x 60.50221pt.
 [4 <./Abbildungen/graph_1_teil.pdf>]
Overfull \hbox (3.68977pt too wide) in paragraph at lines 187--189
\OT1/lmr/m/n/10.95 Teil-graphen darstellen, wodurch diese An-nahme im Sinne ein
er Vere-in-fachung
 []

<Abbildungen/graph_1_planar.pdf, id=111, 181.10924pt x 277.08548pt>
File: Abbildungen/graph_1_planar.pdf Graphic file (type pdf)
<use Abbildungen/graph_1_planar.pdf>
Package pdftex.def Info: Abbildungen/graph_1_planar.pdf  used on input line 196
.
(pdftex.def)             Requested size: 72.4424pt x 110.83221pt.
[5]
<Abbildungen/graph_1_planar2.pdf, id=122, 202.02573pt x 201.44559pt>
File: Abbildungen/graph_1_planar2.pdf Graphic file (type pdf)
<use Abbildungen/graph_1_planar2.pdf>
Package pdftex.def Info: Abbildungen/graph_1_planar2.pdf  used on input line 20
4.
(pdftex.def)             Requested size: 80.80885pt x 80.5768pt.

Underfull \hbox (badness 10000) in paragraph at lines 208--210

 []

<Abbildungen/graph_1_planar_flach.pdf, id=123, 181.10924pt x 277.08548pt>
File: Abbildungen/graph_1_planar_flach.pdf Graphic file (type pdf)
<use Abbildungen/graph_1_planar_flach.pdf>
Package pdftex.def Info: Abbildungen/graph_1_planar_flach.pdf  used on input li
ne 217.
(pdftex.def)             Requested size: 54.33319pt x 83.12628pt.
[6 <./Abbildungen/graph_1_planar.pdf> <./Abbildungen/graph_1_planar2.pdf

pdfTeX warning: /usr/bin/pdflatex (file ./Abbildungen/graph_1_planar2.pdf): PDF
 inclusion: multiple pdfs with page group included in a single page
> <./Abbildungen/graph_1_planar_flach.pdf

pdfTeX warning: /usr/bin/pdflatex (file ./Abbildungen/graph_1_planar_flach.pdf)
: PDF inclusion: multiple pdfs with page group included in a single page
>]
<Abbildungen/graph_1_dual.pdf, id=155, 245.22055pt x 301.4679pt>
File: Abbildungen/graph_1_dual.pdf Graphic file (type pdf)
<use Abbildungen/graph_1_dual.pdf>
Package pdftex.def Info: Abbildungen/graph_1_dual.pdf  used on input line 237.
(pdftex.def)             Requested size: 98.08647pt x 120.585pt.
 [7 <./Abbildungen/graph_1_dual.pdf>]
<Abbildungen/graph_1_orient.pdf, id=181, 181.10924pt x 152.76387pt>
File: Abbildungen/graph_1_orient.pdf Graphic file (type pdf)
<use Abbildungen/graph_1_orient.pdf>
Package pdftex.def Info: Abbildungen/graph_1_orient.pdf  used on input line 253
.
(pdftex.def)             Requested size: 72.4424pt x 61.10445pt.
<Abbildungen/graph_1_dual_orient.pdf, id=182, 244.13762pt x 301.70128pt>
File: Abbildungen/graph_1_dual_orient.pdf Graphic file (type pdf)
<use Abbildungen/graph_1_dual_orient.pdf>
Package pdftex.def Info: Abbildungen/graph_1_dual_orient.pdf  used on input lin
e 264.
(pdftex.def)             Requested size: 97.6533pt x 120.67836pt.
 [8 <./Abbildungen/graph_1_orient.pdf>]
[9 <./Abbildungen/graph_1_dual_orient.pdf>]
Kapitel 2.
LaTeX Font Info:    Trying to load font information for U+euf on input line 273
.
(/usr/share/texlive/texmf-dist/tex/latex/amsfonts/ueuf.fd
File: ueuf.fd 2013/01/14 v3.01 Euler Fraktur
)
Overfull \hbox (0.80138pt too wide) in paragraph at lines 287--289
\OT1/lmr/m/n/10.95 diesel-ben Kan-ten-funk-tio-nen, da-her bildet dieser Raum e
ine Verbindung zwis-
 []

[10

]
Overfull \hbox (2.45168pt too wide) in paragraph at lines 307--308
[][]\OT1/lmr/m/n/10.95 (\OML/lmm/m/it/10.95 f\OT1/lmr/m/n/10.95 ) = 0$\OT1/lmr/
m/it/10.95 , dann gilt dass f^^?ur je-den geschlosse-nen Pfad in $\OML/lmm/m/it
/10.95 G$ \OT1/lmr/m/it/10.95 die Pfadsumme
 []


Underfull \hbox (badness 10000) in paragraph at lines 310--318

 []


Underfull \hbox (badness 10000) in paragraph at lines 310--318

 []


Underfull \hbox (badness 10000) in paragraph at lines 310--318

 []


Overfull \hbox (12.46513pt too wide) in paragraph at lines 310--318
\OT1/lmr/m/n/10.95 summe als Summe ^^?uber alle Zyklen des zugeh^^?origen in-ne
ren Graphen schreiben,
 []

[11]
Underfull \hbox (badness 10000) in paragraph at lines 331--340

 []


Underfull \hbox (badness 10000) in paragraph at lines 331--340

 []


Underfull \hbox (badness 10000) in paragraph at lines 331--340

 []


Underfull \hbox (badness 10000) in paragraph at lines 331--340

 []

[12]
Underfull \hbox (badness 10000) in paragraph at lines 340--353

 []


Underfull \hbox (badness 10000) in paragraph at lines 340--353

 []


Underfull \hbox (badness 10000) in paragraph at lines 340--353

 []


Overfull \hbox (0.46542pt too wide) in paragraph at lines 340--353
\OT1/lmr/m/n/10.95 W^^?ahlen wir nun eine be-liebige Ecke $\OML/lmm/m/it/10.95 
x[]$\OT1/lmr/m/n/10.95 , weil $\OML/lmm/m/it/10.95 G$ \OT1/lmr/m/n/10.95 zusam-
menh^^?angend ist, k^^?onnen
 []


Underfull \hbox (badness 10000) in paragraph at lines 340--353

 []


Underfull \hbox (badness 10000) in paragraph at lines 340--353

 []

[13]
Kapitel 3.
<Abbildungen/stromkreis_1.pdf, id=242, 174.95413pt x 147.88184pt>
File: Abbildungen/stromkreis_1.pdf Graphic file (type pdf)
<use Abbildungen/stromkreis_1.pdf>
Package pdftex.def Info: Abbildungen/stromkreis_1.pdf  used on input line 373.
(pdftex.def)             Requested size: 104.97327pt x 88.72977pt.

Overfull \hbox (4.05733pt too wide) in paragraph at lines 370--376
\OT1/lmr/m/n/10.95 Kom-po-nen-ten (elek-trische Widerst^^?ande), finde die elek
-trische Span-nung zwis-
 []

[14

]
Overfull \hbox (6.39774pt too wide) in paragraph at lines 382--386
\OT1/lmr/m/n/10.95 etwa einem Met-all, sein, da ein Solcher das Po-ten-tial am 
Rand des Hohlraumes
 []


Underfull \hbox (badness 10000) in paragraph at lines 382--386

 []

LaTeX Font Info:    Trying to load font information for TS1+lmr on input line 3
89.
(/usr/share/texmf/tex/latex/lm/ts1lmr.fd
File: ts1lmr.fd 2009/10/30 v1.6 Font defs for Latin Modern
)
Underfull \hbox (badness 10000) in paragraph at lines 390--391

 []


Underfull \hbox (badness 10000) in paragraph at lines 391--392

 []


Underfull \hbox (badness 10000) in paragraph at lines 397--401

 []

[15 <./Abbildungen/stromkreis_1.pdf>] [16]
Underfull \hbox (badness 10000) in paragraph at lines 433--443

 []


Underfull \hbox (badness 10000) in paragraph at lines 433--443

 []


Underfull \hbox (badness 10000) in paragraph at lines 433--443

 []


Underfull \hbox (badness 10000) in paragraph at lines 433--443

 []


Underfull \hbox (badness 10000) in paragraph at lines 445--451

 []


Underfull \hbox (badness 10000) in paragraph at lines 445--451

 []

[17]
<Abbildungen/elektro.pdf, id=287, 181.10924pt x 152.76387pt>
File: Abbildungen/elektro.pdf Graphic file (type pdf)
<use Abbildungen/elektro.pdf>
Package pdftex.def Info: Abbildungen/elektro.pdf  used on input line 456.
(pdftex.def)             Requested size: 108.66638pt x 91.65901pt.

Underfull \hbox (badness 10000) in paragraph at lines 460--462

 []


Overfull \hbox (16.55888pt too wide) in paragraph at lines 463--496
 [][] [] [] \OT1/lmr/m/n/10.95 = 
 []


Overfull \hbox (8.31447pt too wide) in paragraph at lines 497--498
\OT1/lmr/m/n/10.95 entspricht dem stre-ichen der mit $\OML/lmm/m/it/10.95 V$ \O
T1/lmr/m/n/10.95 markierten Ecken und bilden der passenden
 []


Underfull \hbox (badness 10000) in paragraph at lines 506--509

 []

[18 <./Abbildungen/elektro.pdf>]
Overfull \hbox (13.24744pt too wide) in paragraph at lines 515--517
\OT1/lmr/m/n/10.95 Die Ab-bil-dung $[][]$ ist ein Iso-mor-phis-mus zwis-chen $[
]([][])[]$ und $[]([][])$.
 []

[19]
Kapitel 4.

Underfull \hbox (badness 10000) in paragraph at lines 536--541

 []


Underfull \hbox (badness 10000) in paragraph at lines 536--541

 []

[20

]
Overfull \hbox (21.51pt too wide) detected at line 553
\OT1/lmr/m/n/10.95 ([] \OML/lmm/m/it/10.95 b\OT1/lmr/m/n/10.95 (\OML/lmm/m/it/1
0.95 a\OT1/lmr/m/n/10.95 )[]\OML/lmm/m/it/10.95 =^^V\OT1/lmr/m/n/10.95 (\OML/lm
m/m/it/10.95 a\OT1/lmr/m/n/10.95 ))[] = [] 2 \OMS/lmsy/m/n/10.95 ^^C \OML/lmm/m
/it/10.95 b\OT1/lmr/m/n/10.95 (\OML/lmm/m/it/10.95 a\OT1/lmr/m/n/10.95 ) \OMS/l
msy/m/n/10.95 ^^C \OML/lmm/m/it/10.95 b\OT1/lmr/m/n/10.95 (\OML/lmm/m/it/10.95 
a\OT1/lmr/m/n/10.95 )[]\OML/lmm/m/it/10.95 =^^V\OT1/lmr/m/n/10.95 (\OML/lmm/m/i
t/10.95 a\OT1/lmr/m/n/10.95 ) = \OMS/lmsy/m/n/10.95 ^^@ [] \OT1/lmr/m/n/10.95 2
 \OMS/lmsy/m/n/10.95 ^^C \OML/lmm/m/it/10.95 b\OT1/lmr/m/n/10.95 (\OML/lmm/m/it
/10.95 a\OT1/lmr/m/n/10.95 ) \OMS/lmsy/m/n/10.95 ^^C [][]\OT1/lmr/m/n/10.95 (\O
ML/lmm/m/it/10.95 r[] \OMS/lmsy/m/n/10.95 ^^C \OML/lmm/m/it/10.95 e\OT1/lmr/m/n
/10.95 )(\OML/lmm/m/it/10.95 a\OT1/lmr/m/n/10.95 )\OML/lmm/m/it/10.95 =^^V\OT1/
lmr/m/n/10.95 (\OML/lmm/m/it/10.95 a\OT1/lmr/m/n/10.95 ) =
 []

[21] [22]
Kapitel 5.

Overfull \hbox (1.57764pt too wide) in paragraph at lines 610--614
\OT1/lmr/m/n/10.95 Es ist hi-er-bei zu be-denken, dass $[][]$ nicht sur-jek-tiv
 ist, son-dern nur Fl^^?achen-
 []


Underfull \hbox (badness 10000) in paragraph at lines 614--620

 []

[23

]
Underfull \hbox (badness 10000) in paragraph at lines 622--628

 []


Underfull \hbox (badness 10000) in paragraph at lines 622--628

 []

[24] [25]
Kapitel 6.

Underfull \hbox (badness 10000) in paragraph at lines 692--698

 []


Underfull \hbox (badness 10000) in paragraph at lines 692--698

 []

[26

]
Underfull \hbox (badness 10000) in paragraph at lines 743--748

 []


Underfull \hbox (badness 10000) in paragraph at lines 750--755

 []


Overfull \hbox (3.7212pt too wide) in paragraph at lines 750--755
\OT1/lmr/m/n/10.95 Die Hamil-ton-funk-tion er-hal-ten wir durch eine An-wen-dun
g der Leg-en-dretrans-
 []

[27]
Underfull \hbox (badness 10000) in paragraph at lines 757--761

 []

LaTeX Font Info:    External font `lmex10' loaded for size
(Font)              <9> on input line 772.
LaTeX Font Info:    External font `lmex10' loaded for size
(Font)              <5> on input line 772.

Underfull \hbox (badness 10000) in paragraph at lines 777--781

 []

[28]

Package hyperref Warning: Difference (2) between bookmark levels is greater 
(hyperref)                than one, level fixed on input line 786.


Overfull \hbox (7.79962pt too wide) in paragraph at lines 789--790
[]\OT1/lmr/m/n/10.95 Jeder Messgr^^?o^^Ye $
$ des klas-sis-chen elek-tro-mag-netis-chen Feldes entspricht
 []


Underfull \hbox (badness 10000) in paragraph at lines 796--800

 []


Underfull \hbox (badness 10000) in paragraph at lines 803--809

 []

[29] [30] [31]
Overfull \hbox (2.32742pt too wide) in paragraph at lines 913--916
\OT1/lmr/m/n/10.95 Die Di-ag-o-nal-ma-trix $\OML/lmm/m/it/10.95 R$ \OT1/lmr/m/n
/10.95 is nicht-negativ und hat genau $\OMS/lmsy/m/n/10.95 j\OML/lmm/m/it/10.95
 f\OMS/lmsy/m/n/10.95 j ^^@ \OT1/lmr/m/n/10.95 1$ pos-i-tive Eintr^^?age. 
 []


Underfull \hbox (badness 10000) in paragraph at lines 928--933

 []

[32]
Underfull \hbox (badness 10000) in paragraph at lines 942--946

 []


Underfull \hbox (badness 10000) in paragraph at lines 954--963

 []


Underfull \hbox (badness 10000) in paragraph at lines 954--963

 []


Overfull \hbox (8.73882pt too wide) in paragraph at lines 954--963
\OT1/lmr/m/n/10.95 1$-dimensionalen Teil-raum $\OML/lmm/m/it/10.95 A$ \OT1/lmr/
m/n/10.95 auf dem das Po-ten-tial $\OML/lmm/m/it/10.95 V$ \OT1/lmr/m/n/10.95 de
r Schr^^?odingergleichung
 []


Underfull \hbox (badness 10000) in paragraph at lines 954--963

 []

[33]
Underfull \hbox (badness 10000) in paragraph at lines 986--990

 []


Underfull \hbox (badness 10000) in paragraph at lines 993--1001

 []


Underfull \hbox (badness 10000) in paragraph at lines 993--1001

 []

[34]
Overfull \hbox (10.13998pt too wide) in paragraph at lines 1010--1014
\OT1/lmr/m/n/10.95 h^^?atte zu einer Hamil-ton-funk-tion gef^^?uhrt die durch Q
uan-tisierung zur gesuchten
 []


Underfull \hbox (badness 10000) in paragraph at lines 1010--1014

 []


Underfull \hbox (badness 10000) in paragraph at lines 1035--1040

 []

[35]
Underfull \hbox (badness 10000) in paragraph at lines 1042--1046

 []


Overfull \hbox (22.66199pt too wide) in paragraph at lines 1052--1054
\OT1/lmr/m/n/10.95 Teilchen oder Pho-to-nen der Mode $\OML/lmm/m/it/10.95 !$ \O
T1/lmr/m/n/10.95 des elek-tro-mag-netis-chen Feldes. Erzeugungs-
 []


Overfull \hbox (13.33385pt too wide) in paragraph at lines 1052--1054
\OT1/lmr/m/n/10.95 und Ver-nich-tung-sop-er-a-toren erzeu-gen beziehungsweise v
er-nichten entsprechend
 []


Overfull \hbox (29.75912pt too wide) in paragraph at lines 1052--1054
\OT1/lmr/m/n/10.95 deres als die zu den Moden des Feldes geh^^?orenden Eigen-fu
nk-tio-nen beziehungsweise
 []

[36]
Kapitel 7.

Underfull \hbox (badness 10000) in paragraph at lines 1056--1059

 []


Underfull \hbox (badness 10000) in paragraph at lines 1071--1075

 []

[37

]
Overfull \hbox (10.5502pt too wide) in paragraph at lines 1101--1103
\OT1/lmr/m/n/10.95 befindet und somit mit $[][][]$ er-weit-ert wer-den kann, wa
s uns zum gesuchten
 []

[38]
Underfull \hbox (badness 10000) in paragraph at lines 1135--1139

 []


Overfull \hbox (4.07161pt too wide) in paragraph at lines 1143--1145
\OT1/lmr/m/n/10.95 Eine kurze Be-tra-ch-tung der Hamil-ton-funk-tion der Klein-
Gordontheorie liefert
 []


Overfull \hbox (24.25244pt too wide) in paragraph at lines 1143--1145
\OT1/lmr/m/n/10.95 uns dann wie beim elek-tro-mag-netis-chen Feld die zugeh^^?o
rige Schr^^?odingergleichung. 
 []

[39]
Overfull \hbox (12.75427pt too wide) in paragraph at lines 1153--1156
\OT1/lmr/m/it/10.95 nennt man $\OML/lmm/m/it/10.95  $ \OT1/lmr/m/it/10.95 eine 
L^^?osung der \OT1/lmr/bx/it/10.95 Schr^^?odingergleichung \OT1/lmr/m/it/10.95 
des Klein-Gordonfeldes. 
 []

[40]
Kapitel 8.

Underfull \hbox (badness 10000) in paragraph at lines 1164--1167

 []

[41

]
Underfull \hbox (badness 10000) in paragraph at lines 1192--1195

 []

[42

]

LaTeX3 Info: Redefining command \BeforeClosingMainAux with sig. 'm' on line
(LaTeX3)     1195.

 (./document.aux)
Package rerunfilecheck Info: File `document.out' has not changed.
(rerunfilecheck)             Checksum: 3700D336DE69862F512F1ABD16B1C2D8;697.
 ) 
Here is how much of TeX's memory you used:
 20268 strings out of 481199
 388931 string characters out of 5913479
 708974 words of memory out of 5000000
 36596 multiletter control sequences out of 15000+600000
 472997 words of font info for 74 fonts, out of 8000000 for 9000
 14 hyphenation exceptions out of 8191
 127i,16n,130p,975b,418s stack positions out of 5000i,500n,10000p,200000b,80000s
{/usr/share/texmf/fonts/enc/dvips/lm/lm-mathsy.enc}{/usr/share/texmf/fonts/en
c/dvips/lm/lm-mathit.enc}{/usr/share/texmf/fonts/enc/dvips/lm/lm-rm.enc}{/usr/s
hare/texmf/fonts/enc/dvips/lm/lm-ts1.enc}{/usr/share/texmf/fonts/enc/dvips/lm/l
m-mathex.enc}{/usr/share/texmf/fonts/enc/dvips/lm/lm-rmsc.enc}</usr/share/texli
ve/texmf-dist/fonts/type1/public/amsfonts/euler/eufm10.pfb></usr/share/texlive/
texmf-dist/fonts/type1/public/amsfonts/euler/eufm7.pfb></usr/share/texmf/fonts/
type1/public/lm/lmbx10.pfb></usr/share/texmf/fonts/type1/public/lm/lmbx12.pfb><
/usr/share/texmf/fonts/type1/public/lm/lmbxi10.pfb></usr/share/texmf/fonts/type
1/public/lm/lmcsc10.pfb></usr/share/texmf/fonts/type1/public/lm/lmex10.pfb></us
r/share/texmf/fonts/type1/public/lm/lmmi10.pfb></usr/share/texmf/fonts/type1/pu
blic/lm/lmmi6.pfb></usr/share/texmf/fonts/type1/public/lm/lmmi8.pfb></usr/share
/texmf/fonts/type1/public/lm/lmmi9.pfb></usr/share/texmf/fonts/type1/public/lm/
lmr10.pfb></usr/share/texmf/fonts/type1/public/lm/lmr12.pfb></usr/share/texmf/f
onts/type1/public/lm/lmr6.pfb></usr/share/texmf/fonts/type1/public/lm/lmr8.pfb>
</usr/share/texmf/fonts/type1/public/lm/lmr9.pfb></usr/share/texmf/fonts/type1/
public/lm/lmri10.pfb></usr/share/texmf/fonts/type1/public/lm/lmri12.pfb></usr/s
hare/texmf/fonts/type1/public/lm/lmsy10.pfb></usr/share/texmf/fonts/type1/publi
c/lm/lmsy6.pfb></usr/share/texmf/fonts/type1/public/lm/lmsy8.pfb></usr/share/te
xlive/texmf-dist/fonts/type1/public/amsfonts/symbols/msbm10.pfb>
Output written on document.pdf (43 pages, 499731 bytes).
PDF statistics:
 630 PDF objects out of 1000 (max. 8388607)
 521 compressed objects within 6 object streams
 185 named destinations out of 1000 (max. 500000)
 143 words of extra memory for PDF output out of 10000 (max. 10000000)

